<?xml version="1.0" encoding="UTF-8"?>
<testng-results skipped="0" failed="0" ignored="0" total="1" passed="1">
  <reporter-output>
    <line>
      <![CDATA[title verified]]>
    </line>
    <line>
      <![CDATA[Valid Login is Pass]]>
    </line>
  </reporter-output>
  <suite name="Default suite" duration-ms="41939" started-at="2017-10-22T06:18:11Z" finished-at="2017-10-22T06:18:52Z">
    <groups>
    </groups>
    <test name="Default test" duration-ms="41939" started-at="2017-10-22T06:18:11Z" finished-at="2017-10-22T06:18:52Z">
      <class name="com.script.actitime.Script1">
        <test-method status="PASS" signature="openBrowser()[pri:0, instance:com.script.actitime.Script1@2a5ca609]" name="openBrowser" is-config="true" duration-ms="26061" started-at="2017-10-22T11:48:11Z" finished-at="2017-10-22T11:48:37Z">
          <reporter-output>
          </reporter-output>
        </test-method> <!-- openBrowser -->
        <test-method status="PASS" signature="validLogin()[pri:0, instance:com.script.actitime.Script1@2a5ca609]" name="validLogin" duration-ms="14524" started-at="2017-10-22T11:48:37Z" finished-at="2017-10-22T11:48:51Z">
          <reporter-output>
            <line>
              <![CDATA[title verified]]>
            </line>
            <line>
              <![CDATA[Valid Login is Pass]]>
            </line>
          </reporter-output>
        </test-method> <!-- validLogin -->
        <test-method status="PASS" signature="closeBrowser()[pri:0, instance:com.script.actitime.Script1@2a5ca609]" name="closeBrowser" is-config="true" duration-ms="1275" started-at="2017-10-22T11:48:51Z" finished-at="2017-10-22T11:48:52Z">
          <reporter-output>
          </reporter-output>
        </test-method> <!-- closeBrowser -->
      </class> <!-- com.script.actitime.Script1 -->
    </test> <!-- Default test -->
  </suite> <!-- Default suite -->
</testng-results>
